{
  "RSpec": {
    "coverage": {
      "/Users/albertopavano/code_training/blackjack/spec/bet_spec.rb": [
        1,
        1,
        1,
        1,
        null,
        null
      ],
      "/Users/albertopavano/code_training/blackjack/lib/bet.rb": [
        1,
        1,
        1,
        1,
        null,
        null
      ],
      "/Users/albertopavano/code_training/blackjack/spec/card_spec.rb": [
        1,
        1,
        1,
        2,
        2,
        1,
        17,
        17,
        null,
        1,
        1,
        null,
        1,
        1,
        null,
        1,
        1,
        null,
        1,
        1,
        null,
        1,
        7,
        null,
        1,
        3,
        null,
        1,
        1,
        null,
        1,
        1,
        null,
        null,
        null,
        1,
        2,
        2,
        null,
        2,
        2,
        null,
        null,
        null,
        1,
        3,
        1,
        null,
        1,
        3,
        1,
        null,
        null,
        1,
        2,
        1,
        1,
        null,
        null,
        null
      ],
      "/Users/albertopavano/code_training/blackjack/lib/card.rb": [
        null,
        1,
        1,
        1,
        2712,
        2712,
        2712,
        192,
        192,
        236,
        235,
        1857,
        null,
        null,
        null,
        null,
        1,
        56,
        null,
        null,
        1,
        162,
        null,
        null,
        1,
        53,
        null,
        null,
        1,
        155,
        null,
        null
      ],
      "/Users/albertopavano/code_training/blackjack/spec/deck_spec.rb": [
        1,
        1,
        1,
        null,
        1,
        1,
        3,
        1,
        1,
        null,
        1,
        1,
        null,
        null,
        1,
        4,
        2,
        1,
        1,
        null,
        1,
        1,
        null,
        1,
        3,
        1,
        null,
        null,
        1,
        2,
        1,
        1,
        1,
        null,
        null,
        null
      ],
      "/Users/albertopavano/code_training/blackjack/lib/deck.rb": [
        1,
        1,
        null,
        1,
        1,
        1,
        1,
        45,
        45,
        45,
        45,
        null,
        45,
        48,
        624,
        2496,
        null,
        null,
        null,
        45,
        null,
        1,
        1,
        1,
        null,
        1,
        null,
        1,
        39,
        null,
        null
      ],
      "/Users/albertopavano/code_training/blackjack/lib/input_reader.rb": [
        1,
        null,
        1,
        null,
        1,
        null,
        1,
        10,
        10,
        10,
        10,
        null,
        null,
        1,
        1,
        1,
        1,
        1,
        1,
        1,
        null,
        null,
        1,
        4,
        4,
        4,
        4,
        4,
        4,
        null,
        null,
        1,
        2,
        2,
        2,
        2,
        5,
        4,
        null,
        3,
        3,
        3,
        3,
        3,
        null,
        2,
        2,
        2,
        null,
        null,
        1,
        2,
        2,
        2,
        2,
        6,
        6,
        5,
        null,
        4,
        4,
        4,
        4,
        null,
        2,
        2,
        2,
        null,
        null,
        1,
        2,
        2,
        3,
        2,
        null,
        1,
        1,
        1,
        null,
        null,
        2,
        null,
        1,
        1,
        null,
        null,
        null,
        null
      ],
      "/Users/albertopavano/code_training/blackjack/lib/player.rb": [
        1,
        null,
        null,
        null,
        1,
        1,
        1,
        43,
        43,
        43,
        null,
        null,
        1,
        2,
        2,
        2,
        null,
        2,
        null,
        null,
        1,
        1,
        null,
        null,
        1,
        1,
        null,
        null,
        1,
        32,
        30,
        13,
        null,
        null
      ],
      "/Users/albertopavano/code_training/blackjack/lib/hand.rb": [
        null,
        null,
        1,
        null,
        1,
        1,
        1,
        112,
        null,
        1,
        1333,
        null,
        null,
        1,
        196,
        null,
        null,
        1,
        1266,
        null,
        null,
        1,
        61,
        127,
        null,
        null,
        null,
        1,
        1,
        null,
        null,
        1,
        104,
        null,
        null,
        1,
        5,
        12,
        null,
        1,
        null,
        null,
        null,
        1,
        291,
        82,
        null,
        209,
        null,
        null,
        1,
        41,
        null,
        null,
        null,
        null
      ],
      "/Users/albertopavano/code_training/blackjack/spec/game_spec.rb": [
        1,
        1,
        1,
        null,
        1,
        null,
        1,
        34,
        null,
        null,
        1,
        27,
        null,
        null,
        null,
        null,
        null,
        null,
        null,
        null,
        35,
        35,
        35,
        35,
        null,
        1,
        1,
        1,
        1,
        1,
        null,
        null,
        null,
        1,
        1,
        1,
        1,
        1,
        null,
        null,
        1,
        1,
        1,
        1,
        null,
        null,
        null,
        1,
        1,
        1,
        1,
        1,
        1,
        null,
        null,
        1,
        1,
        1,
        1,
        1,
        null,
        null,
        null,
        null,
        1,
        1,
        1,
        1,
        1,
        1,
        1,
        1,
        null,
        1,
        1,
        1,
        1,
        1,
        null,
        null,
        1,
        1,
        1,
        1,
        2,
        null,
        1,
        1,
        1,
        1,
        2,
        1,
        null,
        null,
        null,
        null,
        1,
        null,
        1,
        null,
        1,
        1,
        1,
        1,
        1,
        1,
        null,
        null,
        1,
        1,
        1,
        1,
        1,
        1,
        null,
        null,
        1,
        1,
        1,
        1,
        1,
        1,
        null,
        1,
        1,
        1,
        1,
        1,
        1,
        null,
        null,
        null,
        1,
        1,
        1,
        1,
        1,
        2,
        1,
        null,
        null,
        null,
        null,
        1,
        null,
        1,
        1,
        1,
        null,
        null,
        1,
        1,
        2,
        null,
        null,
        null,
        null,
        null,
        1,
        null,
        1,
        6,
        null,
        null,
        1,
        1,
        1,
        1,
        1,
        1,
        1,
        null,
        null,
        1,
        1,
        1,
        1,
        1,
        1,
        1,
        null,
        null,
        1,
        1,
        1,
        1,
        1,
        1,
        1,
        null,
        null,
        1,
        1,
        1,
        1,
        1,
        1,
        2,
        1,
        null,
        null,
        null,
        1,
        null,
        1,
        1,
        1,
        1,
        1,
        1,
        1,
        null,
        null,
        1,
        1,
        1,
        1,
        1,
        1,
        1,
        null,
        null,
        null,
        null,
        null,
        null,
        null,
        null,
        1,
        null,
        1,
        11,
        11,
        null,
        null,
        1,
        1,
        1,
        1,
        1,
        1,
        null,
        null,
        1,
        1,
        1,
        1,
        1,
        2,
        null,
        null,
        null,
        1,
        1,
        1,
        1,
        1,
        null,
        null,
        1,
        1,
        1,
        1,
        1,
        null,
        null,
        1,
        1,
        1,
        1,
        1,
        null,
        null,
        1,
        1,
        1,
        1,
        1,
        null,
        null,
        null,
        1,
        null,
        1,
        5,
        null,
        null,
        1,
        null,
        1,
        1,
        1,
        1,
        1,
        null,
        null,
        1,
        null,
        1,
        1,
        1,
        1,
        1,
        null,
        null,
        1,
        null,
        1,
        1,
        1,
        1,
        1,
        null,
        null,
        1,
        1,
        1,
        1,
        1,
        1,
        null,
        null,
        1,
        1,
        1,
        1,
        1,
        1,
        null,
        null,
        null,
        null,
        null,
        1,
        1,
        1,
        1,
        1,
        2,
        null,
        null,
        null,
        null
      ],
      "/Users/albertopavano/code_training/blackjack/lib/game.rb": [
        1,
        1,
        1,
        1,
        1,
        1,
        null,
        null,
        1,
        1,
        1,
        1,
        34,
        34,
        34,
        34,
        34,
        null,
        null,
        1,
        1,
        1,
        null,
        1,
        1,
        1,
        1,
        1,
        1,
        1,
        null,
        0,
        0,
        0,
        0,
        null,
        null,
        null,
        1,
        3,
        3,
        4,
        3,
        null,
        1,
        1,
        1,
        null,
        null,
        3,
        null,
        1,
        1,
        null,
        3,
        null,
        null,
        1,
        3,
        3,
        3,
        3,
        3,
        3,
        3,
        3,
        3,
        null,
        null,
        1,
        1,
        null,
        1,
        1,
        null,
        1,
        1,
        null,
        null,
        1,
        2,
        2,
        2,
        2,
        2,
        2,
        2,
        2,
        2,
        2,
        2,
        2,
        null,
        2,
        null,
        1,
        1,
        1,
        null,
        1,
        null,
        0,
        0,
        null,
        null,
        0,
        null,
        null,
        null,
        null,
        null,
        null,
        null,
        null,
        null,
        1,
        8,
        8,
        0,
        0,
        0,
        null,
        8,
        2,
        2,
        2,
        2,
        2,
        null,
        6,
        6,
        6,
        6,
        6,
        6,
        6,
        2,
        2,
        null,
        6,
        6,
        null,
        null,
        6,
        6,
        null,
        2,
        2,
        2,
        2,
        2,
        1,
        null,
        1,
        null,
        null,
        3,
        3,
        null,
        1,
        1,
        null,
        null,
        null,
        null,
        null,
        null,
        1,
        24,
        4,
        4,
        4,
        4,
        null,
        43,
        18,
        6,
        6,
        null,
        12,
        8,
        8,
        8,
        8,
        8,
        8,
        8,
        8,
        8,
        8,
        8,
        0,
        null,
        8,
        8,
        8,
        null,
        4,
        1,
        1,
        1,
        1,
        null,
        3,
        null,
        null,
        null,
        1,
        14,
        19,
        10,
        10,
        10,
        null,
        19,
        19,
        19,
        19,
        19,
        19,
        19,
        19,
        19,
        19,
        19,
        19,
        19,
        9,
        2,
        2,
        2,
        2,
        null,
        7,
        7,
        7,
        null,
        10,
        6,
        6,
        6,
        null,
        4,
        4,
        4,
        null,
        null,
        null,
        null,
        null,
        null
      ],
      "/Users/albertopavano/code_training/blackjack/lib/house.rb": [
        1,
        null,
        null,
        null,
        1,
        1,
        1,
        36,
        36,
        null,
        null,
        1,
        1,
        null,
        1,
        1,
        null,
        null
      ],
      "/Users/albertopavano/code_training/blackjack/spec/hand_spec.rb": [
        1,
        1,
        1,
        1,
        null,
        1,
        16,
        4,
        1,
        12,
        null,
        null,
        null,
        null,
        null,
        null,
        null,
        1,
        1,
        1,
        1,
        null,
        1,
        3,
        1,
        null,
        1,
        3,
        1,
        null,
        null,
        null,
        1,
        1,
        1,
        1,
        null,
        1,
        1,
        1,
        null,
        null,
        null,
        1,
        1,
        1,
        1,
        1,
        null,
        null,
        null,
        1,
        1,
        1,
        1,
        null,
        null,
        null,
        1,
        null,
        1,
        1,
        1,
        null,
        null,
        1,
        1,
        1,
        1,
        1,
        null,
        1,
        1,
        1,
        null,
        1,
        1,
        1,
        null,
        null,
        1,
        1,
        1,
        1,
        null,
        null,
        null,
        null,
        1,
        1,
        1,
        1,
        null,
        1,
        1,
        1,
        null,
        1,
        1,
        1,
        1,
        null,
        null,
        null,
        null
      ],
      "/Users/albertopavano/code_training/blackjack/spec/house_spec.rb": [
        1,
        1,
        1,
        null,
        1,
        2,
        2,
        3,
        null,
        1,
        1,
        null,
        1,
        1,
        4,
        null,
        1,
        null,
        null
      ],
      "/Users/albertopavano/code_training/blackjack/spec/input_reader_spec.rb": [
        1,
        1,
        null,
        null,
        1,
        1,
        7,
        null,
        1,
        null,
        null,
        1,
        6,
        null,
        null,
        2,
        7,
        null,
        null,
        1,
        1,
        1,
        1,
        1,
        null,
        null,
        1,
        1,
        1,
        1,
        null,
        null,
        1,
        1,
        1,
        1,
        null,
        null,
        1,
        1,
        1,
        1,
        null,
        null,
        1,
        1,
        1,
        1,
        null,
        null,
        1,
        1,
        1,
        1,
        null,
        null,
        null,
        1,
        1,
        1,
        1,
        1,
        1,
        1,
        null,
        null,
        null,
        null
      ],
      "/Users/albertopavano/code_training/blackjack/spec/player_spec.rb": [
        1,
        1,
        1,
        null,
        1,
        2,
        7,
        1,
        4,
        null,
        null,
        null,
        null,
        null,
        null,
        null,
        1,
        1,
        1,
        4,
        null,
        1,
        null,
        null,
        null,
        1,
        1,
        1,
        1,
        null,
        null,
        null,
        1,
        3,
        1,
        1,
        1,
        null,
        null,
        1,
        1,
        1,
        null,
        null,
        null,
        1,
        1,
        1,
        1,
        null,
        1,
        1,
        1,
        null,
        null,
        null,
        null,
        1,
        1,
        1,
        1,
        1,
        1,
        null,
        1,
        1,
        1,
        1,
        1,
        null,
        null,
        null,
        null
      ]
    },
    "timestamp": 1539725878
  }
}
