{
  "RSpec": {
    "coverage": {
      "/Users/albertopavano/code_training/blackjack/spec/bet_spec.rb": [
        1,
        1,
        1,
        1,
        null,
        null
      ],
      "/Users/albertopavano/code_training/blackjack/lib/bet.rb": [
        1,
        1,
        1,
        1,
        null,
        null
      ],
      "/Users/albertopavano/code_training/blackjack/spec/card_spec.rb": [
        1,
        1,
        1,
        2,
        2,
        1,
        17,
        17,
        null,
        1,
        1,
        null,
        1,
        1,
        null,
        1,
        1,
        null,
        1,
        1,
        null,
        1,
        7,
        null,
        1,
        3,
        null,
        1,
        1,
        null,
        1,
        1,
        null,
        null,
        null,
        1,
        2,
        2,
        null,
        2,
        2,
        null,
        null,
        null,
        1,
        3,
        1,
        null,
        1,
        3,
        1,
        null,
        null,
        1,
        2,
        1,
        1,
        null,
        null,
        null
      ],
      "/Users/albertopavano/code_training/blackjack/lib/card.rb": [
        null,
        1,
        1,
        1,
        1269,
        1269,
        1269,
        96,
        96,
        97,
        97,
        883,
        null,
        null,
        null,
        null,
        1,
        56,
        null,
        null,
        1,
        162,
        null,
        null,
        1,
        53,
        null,
        null,
        1,
        47,
        null,
        null
      ],
      "/Users/albertopavano/code_training/blackjack/spec/deck_spec.rb": [
        1,
        1,
        null,
        1,
        1,
        3,
        1,
        1,
        null,
        1,
        1,
        null,
        null,
        1,
        4,
        2,
        1,
        1,
        null,
        1,
        1,
        null,
        1,
        3,
        1,
        null,
        null,
        null
      ],
      "/Users/albertopavano/code_training/blackjack/lib/deck.rb": [
        1,
        1,
        1,
        1,
        1,
        21,
        21,
        21,
        21,
        null,
        21,
        24,
        312,
        1248,
        null,
        null,
        null,
        21,
        null,
        1,
        1,
        1,
        null,
        1,
        null,
        1,
        36,
        null,
        null
      ],
      "/Users/albertopavano/code_training/blackjack/lib/hand.rb": [
        null,
        null,
        1,
        1,
        null,
        1,
        1,
        1,
        37,
        null,
        1,
        null,
        141,
        null,
        null,
        1,
        2,
        2,
        1,
        null,
        1,
        null,
        null,
        null,
        1,
        9,
        21,
        null,
        null,
        null
      ],
      "/Users/albertopavano/code_training/blackjack/spec/game_settings_spec.rb": [
        1,
        1,
        null,
        1,
        1,
        7,
        null,
        1,
        5,
        1,
        1,
        1,
        1,
        null,
        1,
        1,
        1,
        1,
        null,
        1,
        1,
        1,
        1,
        null,
        1,
        1,
        1,
        1,
        null,
        null,
        null,
        null,
        null,
        null,
        null,
        null,
        null,
        null,
        null,
        null,
        null,
        null,
        null,
        null,
        null,
        null,
        null,
        1,
        3,
        3,
        null,
        1,
        1,
        null,
        1,
        1,
        null,
        null,
        1,
        2,
        2,
        1,
        1,
        null,
        null,
        null
      ],
      "/Users/albertopavano/code_training/blackjack/lib/game_settings.rb": [
        1,
        1,
        1,
        1,
        1,
        null,
        1,
        1,
        1,
        7,
        7,
        7,
        null,
        null,
        1,
        2,
        2,
        2,
        null,
        null,
        1,
        1,
        1,
        2,
        1,
        1,
        1,
        1,
        null,
        null,
        null,
        null,
        null,
        null,
        null,
        null,
        null,
        null,
        null,
        null,
        null,
        null,
        null,
        null,
        1,
        1,
        1,
        2,
        1,
        1,
        1,
        1,
        null,
        null,
        null
      ],
      "/Users/albertopavano/code_training/blackjack/lib/player.rb": [
        1,
        null,
        null,
        1,
        1,
        1,
        14,
        14,
        14,
        null,
        null,
        1,
        2,
        2,
        2,
        null,
        2,
        null,
        1,
        10,
        null,
        null
      ],
      "/Users/albertopavano/code_training/blackjack/lib/house.rb": [
        1,
        null,
        null,
        null,
        1,
        1,
        1,
        12,
        12,
        null,
        null,
        1,
        4,
        null,
        null
      ],
      "/Users/albertopavano/code_training/blackjack/spec/game_spec.rb": [
        1,
        1,
        null,
        1,
        1,
        10,
        null,
        11,
        11,
        11,
        null,
        null,
        11,
        null,
        1,
        1,
        1,
        1,
        1,
        null,
        null,
        null,
        1,
        1,
        1,
        1,
        1,
        null,
        null,
        1,
        1,
        1,
        1,
        null,
        null,
        null,
        1,
        1,
        1,
        1,
        1,
        1,
        1,
        null,
        1,
        1,
        1,
        1,
        1,
        null,
        null,
        1,
        1,
        1,
        1,
        1,
        1,
        1,
        1,
        1,
        1,
        0,
        0,
        0,
        null,
        0,
        0,
        null,
        null,
        1,
        1,
        1,
        1,
        null,
        1,
        1,
        2,
        null,
        1,
        1,
        2,
        null,
        null,
        1,
        1,
        1,
        1,
        1,
        1,
        null,
        null,
        null,
        null,
        null,
        null,
        null,
        null
      ],
      "/Users/albertopavano/code_training/blackjack/lib/game.rb": [
        1,
        1,
        null,
        1,
        1,
        1,
        1,
        10,
        10,
        10,
        10,
        10,
        null,
        null,
        1,
        3,
        3,
        3,
        null,
        1,
        1,
        1,
        null,
        null,
        3,
        null,
        1,
        1,
        null,
        null,
        null,
        1,
        4,
        4,
        4,
        4,
        4,
        4,
        4,
        4,
        null,
        null,
        1,
        1,
        1,
        1,
        1,
        null,
        null,
        1,
        6,
        6,
        6,
        6,
        6,
        6,
        6,
        6,
        null,
        6,
        6,
        null,
        4,
        4,
        4,
        4,
        4,
        1,
        null,
        3,
        null,
        null,
        1,
        1,
        null,
        null,
        1,
        null,
        null,
        null,
        1,
        5,
        null,
        4,
        1,
        3,
        1,
        1,
        1,
        null,
        2,
        1,
        1,
        1,
        1,
        1,
        1,
        1,
        null,
        null,
        null,
        null,
        1,
        null,
        null,
        null,
        null,
        1,
        0,
        0,
        0,
        0,
        0,
        null,
        null,
        null
      ],
      "/Users/albertopavano/code_training/blackjack/spec/hand_spec.rb": [
        1,
        1,
        1,
        null,
        1,
        9,
        1,
        1,
        null,
        1,
        1,
        2,
        null,
        3,
        1,
        1,
        null,
        1,
        2,
        null,
        null,
        null,
        1,
        4,
        1,
        1,
        1,
        null,
        1,
        3,
        1,
        null,
        1,
        3,
        1,
        null,
        null,
        null,
        1,
        2,
        2,
        null,
        1,
        1,
        1,
        null,
        1,
        1,
        1,
        null,
        null,
        null,
        null
      ],
      "/Users/albertopavano/code_training/blackjack/spec/house_spec.rb": [
        1,
        1,
        1,
        null,
        1,
        2,
        2,
        3,
        null,
        1,
        1,
        null,
        1,
        1,
        3,
        null,
        1,
        null,
        null
      ],
      "/Users/albertopavano/code_training/blackjack/spec/player_spec.rb": [
        1,
        1,
        1,
        null,
        1,
        2,
        2,
        3,
        null,
        1,
        1,
        null,
        1,
        1,
        3,
        null,
        1,
        null,
        null
      ]
    },
    "timestamp": 1536526313
  }
}
